2024-12-18 18:33:20 [info]: API Gateway running on port 3002 
2024-12-18 18:33:20 [info]: Configured Services: {"0":"U","1":"s","2":"e","3":"r","4":"S","5":"e","6":"r","7":"v","8":"i","9":"c","10":"e","11":" ","12":"(","13":"/","14":"u","15":"s","16":"e","17":"r","18":"s","19":")","20":",","21":" ","22":"P","23":"r","24":"o","25":"d","26":"u","27":"c","28":"t","29":"S","30":"e","31":"r","32":"v","33":"i","34":"c","35":"e","36":" ","37":"(","38":"/","39":"p","40":"r","41":"o","42":"d","43":"u","44":"c","45":"t","46":"s","47":")"}
2024-12-18 18:48:12 [info]: API Gateway running on port 3002 
2024-12-18 18:48:12 [info]: Configured Services: {"0":"U","1":"s","2":"e","3":"r","4":"S","5":"e","6":"r","7":"v","8":"i","9":"c","10":"e","11":" ","12":"(","13":"/","14":"u","15":"s","16":"e","17":"r","18":"s","19":")","20":",","21":" ","22":"P","23":"r","24":"o","25":"d","26":"u","27":"c","28":"t","29":"S","30":"e","31":"r","32":"v","33":"i","34":"c","35":"e","36":" ","37":"(","38":"/","39":"p","40":"r","41":"o","42":"d","43":"u","44":"c","45":"t","46":"s","47":")"}
2024-12-18 18:48:22 [info]: API Gateway running on port 3002 
2024-12-18 18:48:22 [info]: Configured Services: {"0":"U","1":"s","2":"e","3":"r","4":"S","5":"e","6":"r","7":"v","8":"i","9":"c","10":"e","11":" ","12":"(","13":"/","14":"u","15":"s","16":"e","17":"r","18":"s","19":")","20":",","21":" ","22":"P","23":"r","24":"o","25":"d","26":"u","27":"c","28":"t","29":"S","30":"e","31":"r","32":"v","33":"i","34":"c","35":"e","36":" ","37":"(","38":"/","39":"p","40":"r","41":"o","42":"d","43":"u","44":"c","45":"t","46":"s","47":")"}
2024-12-18 20:28:26 [info]: API Gateway running on port 3002 
2024-12-18 20:28:26 [info]: Configured Services: {"0":"U","1":"s","2":"e","3":"r","4":"S","5":"e","6":"r","7":"v","8":"i","9":"c","10":"e","11":" ","12":"(","13":"/","14":"u","15":"s","16":"e","17":"r","18":"s","19":")","20":",","21":" ","22":"P","23":"r","24":"o","25":"d","26":"u","27":"c","28":"t","29":"S","30":"e","31":"r","32":"v","33":"i","34":"c","35":"e","36":" ","37":"(","38":"/","39":"p","40":"r","41":"o","42":"d","43":"u","44":"c","45":"t","46":"s","47":")"}
2024-12-18 20:30:04 [info]: API Gateway running on port 3002 
2024-12-18 20:30:04 [info]: Configured Services: {"services":[{"name":"UserService","path":"/users"},{"name":"ProductService","path":"/products"}]}
2024-12-18 20:30:04 [info]: API Gateway running on port 3002 
2024-12-18 20:30:04 [info]: Configured Services: {"services":[{"name":"UserService","path":"/users"},{"name":"ProductService","path":"/products"}]}
2024-12-18 20:30:40 [info]: API Gateway running on port 3002 
2024-12-18 20:30:40 [info]: Configured Services: {"services":[{"name":"UserService","path":"/users"},{"name":"ProductService","path":"/products"}]}
2024-12-18 20:30:44 [info]: API Gateway running on port 3002 
2024-12-18 20:30:44 [info]: Configured Services: {"services":[{"name":"UserService","path":"/users"},{"name":"ProductService","path":"/products"}]}
2024-12-18 20:30:49 [info]: API Gateway running on port 3002 
2024-12-18 20:30:49 [info]: Configured Services: {"services":[{"name":"UserService","path":"/users"},{"name":"ProductService","path":"/products"}]}
2024-12-18 20:30:56 [info]: API Gateway running on port 3002 
2024-12-18 20:30:56 [info]: Configured Services: {"services":[{"name":"UserService","path":"/users"},{"name":"ProductService","path":"/auth"}]}
2024-12-18 20:31:06 [info]: API Gateway running on port 3002 
2024-12-18 20:31:06 [info]: Configured Services: {"services":[{"name":"UserService","path":"/users"},{"name":"Service","path":"/auth"}]}
2024-12-18 20:35:08 [info]: API Gateway running on port 3002 
2024-12-18 20:35:08 [info]: Configured Services: {"services":[{"name":"UserService","path":"/users"},{"name":"Service","path":"/auth"}]}
2024-12-18 20:35:13 [info]: API Gateway running on port 3002 
2024-12-18 20:35:13 [info]: Configured Services: {"services":[{"name":"UserService","path":"/users"},{"name":"AuthService","path":"/auth"}]}
2024-12-18 20:43:17 [info]: POST /auth/graphql {"method":"POST","path":"/auth/graphql","query":{}}
2024-12-18 20:43:17 [info]: Proxying POST /graphql to AuthService 
2024-12-18 20:43:17 [info]: POST /graphql - 404 {"status":404,"duration":"404ms"}
2024-12-18 20:43:45 [info]: POST /auth/graphql {"method":"POST","path":"/auth/graphql","query":{}}
2024-12-18 20:43:45 [info]: Proxying POST /graphql to AuthService 
2024-12-18 20:43:45 [info]: POST /graphql - 404 {"status":404,"duration":"13ms"}
2024-12-18 20:47:02 [info]: API Gateway running on port 3002 
2024-12-18 20:47:02 [info]: Configured Services: {"services":[{"name":"UserService","path":"/users"},{"name":"AuthService","path":"/auth"}]}
2024-12-18 20:47:03 [info]: API Gateway running on port 3002 
2024-12-18 20:47:03 [info]: Configured Services: {"services":[{"name":"UserService","path":"/users"},{"name":"AuthService","path":"/auth"}]}
2024-12-18 20:47:05 [info]: POST /auth/graphql {"method":"POST","path":"/auth/graphql","query":{}}
2024-12-18 20:47:05 [info]: Proxying POST /graphql to AuthService 
2024-12-18 20:47:24 [info]: API Gateway running on port 3002 
2024-12-18 20:47:24 [info]: Configured Services: {"services":[{"name":"UserService","path":"/users"},{"name":"AuthService","path":"/auth"}]}
2024-12-18 20:47:48 [info]: API Gateway running on port 3002 
2024-12-18 20:47:48 [info]: Configured Services: {"services":[{"name":"UserService","path":"/users"},{"name":"AuthService","path":"/auth"}]}
2024-12-18 20:47:51 [info]: POST /auth/graphql {"method":"POST","path":"/auth/graphql","query":{}}
2024-12-18 20:47:51 [info]: Proxying POST /graphql to AuthService 
2024-12-18 20:47:51 [info]: POST /graphql - 404 {"status":404,"duration":"39ms"}
2024-12-18 20:50:49 [info]: POST /auth/graphql {"method":"POST","path":"/auth/graphql","query":{}}
2024-12-18 20:50:49 [info]: Proxying POST /graphql to AuthService 
2024-12-18 20:50:49 [info]: POST /graphql - 404 {"status":404,"duration":"13ms"}
2024-12-18 20:51:09 [info]: API Gateway running on port 3002 
2024-12-18 20:51:09 [info]: Configured Services: {"services":[{"name":"UserService","path":"/users"},{"name":"AuthService","path":"/auth"}]}
2024-12-18 20:51:10 [info]: API Gateway running on port 3002 
2024-12-18 20:51:10 [info]: Configured Services: {"services":[{"name":"UserService","path":"/users"},{"name":"AuthService","path":"/auth"}]}
2024-12-18 20:51:11 [info]: API Gateway running on port 3002 
2024-12-18 20:51:11 [info]: Configured Services: {"services":[{"name":"UserService","path":"/users"},{"name":"AuthService","path":"/auth"}]}
2024-12-18 20:51:13 [info]: POST /auth/graphql {"method":"POST","path":"/auth/graphql","query":{}}
2024-12-18 20:51:13 [info]: Proxying POST /graphql to AuthService 
2024-12-18 20:51:20 [info]: POST /auth/graphql {"method":"POST","path":"/auth/graphql","query":{}}
2024-12-18 20:51:20 [info]: Proxying POST /graphql to AuthService 
2024-12-18 20:52:00 [info]: API Gateway running on port 3002 
2024-12-18 20:52:00 [info]: Configured Services: {"services":[{"name":"UserService","path":"/users"},{"name":"AuthService","path":"/auth"}]}
2024-12-18 20:52:16 [info]: POST /auth/graphql {"method":"POST","path":"/auth/graphql","query":{}}
2024-12-18 20:52:16 [info]: Proxying POST /graphql to AuthService 
2024-12-18 20:52:16 [info]: POST /graphql - 404 {"status":404,"duration":"40ms"}
2024-12-18 20:52:51 [info]: POST /auth/graphql {"method":"POST","path":"/auth/graphql","query":{}}
2024-12-18 20:52:51 [info]: Proxying POST /graphql to AuthService 
2024-12-18 20:52:51 [info]: POST /graphql - 404 {"status":404,"duration":"9ms"}
2024-12-18 20:53:20 [info]: POST /auth/graphql {"method":"POST","path":"/auth/graphql","query":{}}
2024-12-18 20:53:20 [info]: Proxying POST /graphql to AuthService 
2024-12-18 20:53:20 [info]: POST /graphql - 404 {"status":404,"duration":"8ms"}
2024-12-18 20:53:29 [info]: API Gateway running on port 3002 
2024-12-18 20:53:29 [info]: Configured Services: {"services":[{"name":"UserService","path":"/users"},{"name":"AuthService","path":"/auth"}]}
2024-12-18 20:53:33 [info]: POST /auth/graphql {"method":"POST","path":"/auth/graphql","query":{}}
2024-12-18 20:53:33 [info]: Proxying POST /graphql to AuthService 
2024-12-18 20:53:33 [info]: POST /graphql - 404 {"status":404,"duration":"40ms"}
2024-12-18 20:56:58 [info]: POST /auth/graphql {"method":"POST","path":"/auth/graphql","query":{}}
2024-12-18 20:56:58 [info]: Proxying POST /graphql to AuthService 
2024-12-18 20:56:58 [info]: POST /graphql - 404 {"status":404,"duration":"11ms"}
2024-12-18 21:10:27 [info]: POST /auth/graphql {"method":"POST","path":"/auth/graphql","query":{}}
2024-12-18 21:10:27 [info]: Proxying POST /graphql to AuthService 
2024-12-18 21:10:27 [info]: POST /graphql - 404 {"status":404,"duration":"11ms"}
2024-12-18 21:17:14 [info]: API Gateway running on port 3002 
2024-12-18 21:17:14 [info]: Configured Services: {"services":[{"name":"UserService","path":"/users"},{"name":"AuthService","path":"/auth"}]}
2024-12-18 21:17:15 [info]: API Gateway running on port 3002 
2024-12-18 21:17:15 [info]: Configured Services: {"services":[{"name":"UserService","path":"/users"},{"name":"AuthService","path":"/auth"}]}
2024-12-18 21:17:19 [info]: API Gateway running on port 3002 
2024-12-18 21:17:19 [info]: Configured Services: {"services":[{"name":"UserService","path":"/users"},{"name":"AuthService","path":"/auth"}]}
2024-12-18 21:17:53 [info]: API Gateway running on port 3002 
2024-12-18 21:17:53 [info]: Configured Services: {"services":[{"name":"UserService","path":"/users"},{"name":"AuthService","path":"/auth"}]}
2024-12-18 21:17:57 [info]: API Gateway running on port 3002 
2024-12-18 21:17:57 [info]: Configured Services: {"services":[{"name":"UserService","path":"/users"},{"name":"AuthService","path":"/auth"}]}
2024-12-18 21:18:00 [info]: API Gateway running on port 3002 
2024-12-18 21:18:00 [info]: Configured Services: {"services":[{"name":"UserService","path":"/users"},{"name":"AuthService","path":"/auth"}]}
2024-12-18 21:18:07 [info]: POST /auth/graphql {"method":"POST","path":"/auth/graphql","query":{}}
2024-12-18 21:18:07 [info]: Proxying POST /graphql to AuthService 
2024-12-18 21:18:07 [info]: POST /graphql - 404 {"status":404,"duration":"43ms"}
2024-12-18 21:18:19 [info]: API Gateway running on port 3002 
2024-12-18 21:18:19 [info]: Configured Services: {"services":[{"name":"UserService","path":"/users"},{"name":"AuthService","path":"/auth"}]}
2024-12-18 21:18:23 [info]: POST /auth/graphql {"method":"POST","path":"/auth/graphql","query":{}}
2024-12-18 21:18:23 [info]: Proxying POST /graphql to AuthService 
2024-12-18 21:18:29 [info]: POST /auth/graphql {"method":"POST","path":"/auth/graphql","query":{}}
2024-12-18 21:18:29 [info]: Proxying POST /graphql to AuthService 
2024-12-18 21:18:34 [info]: POST /auth/graphql {"method":"POST","path":"/auth/graphql","query":{}}
2024-12-18 21:18:34 [info]: Proxying POST /graphql to AuthService 
2024-12-18 21:18:39 [info]: POST /auth/graphql {"method":"POST","path":"/auth/graphql","query":{}}
2024-12-18 21:18:39 [info]: Proxying POST /graphql to AuthService 
2024-12-18 21:18:44 [info]: POST /auth/graphql {"method":"POST","path":"/auth/graphql","query":{}}
2024-12-18 21:18:44 [info]: Proxying POST /graphql to AuthService 
2024-12-18 21:18:49 [info]: POST /auth/graphql {"method":"POST","path":"/auth/graphql","query":{}}
2024-12-18 21:18:49 [info]: Proxying POST /graphql to AuthService 
2024-12-18 21:18:54 [info]: POST /auth/graphql {"method":"POST","path":"/auth/graphql","query":{}}
2024-12-18 21:18:54 [info]: Proxying POST /graphql to AuthService 
2024-12-18 21:18:59 [info]: POST /auth/graphql {"method":"POST","path":"/auth/graphql","query":{}}
2024-12-18 21:18:59 [info]: Proxying POST /graphql to AuthService 
2024-12-18 21:19:13 [info]: API Gateway running on port 3002 
2024-12-18 21:19:13 [info]: Configured Services: {"services":[{"name":"UserService","path":"/users"},{"name":"AuthService","path":"/auth"}]}
2024-12-18 21:19:19 [info]: POST /auth/graphql {"method":"POST","path":"/auth/graphql","query":{}}
2024-12-18 21:19:19 [info]: Proxying POST /graphql to AuthService 
2024-12-18 21:19:24 [info]: POST /auth/graphql {"method":"POST","path":"/auth/graphql","query":{}}
2024-12-18 21:19:24 [info]: Proxying POST /graphql to AuthService 
2024-12-18 21:19:34 [info]: POST /auth/graphql {"method":"POST","path":"/auth/graphql","query":{}}
2024-12-18 21:19:34 [info]: Proxying POST /graphql to AuthService 
2024-12-18 21:19:39 [info]: POST /auth/graphql {"method":"POST","path":"/auth/graphql","query":{}}
2024-12-18 21:19:39 [info]: Proxying POST /graphql to AuthService 
2024-12-18 21:19:44 [info]: API Gateway running on port 3002 
2024-12-18 21:19:44 [info]: Configured Services: {"services":[{"name":"UserService","path":"/users"},{"name":"AuthService","path":"/auth"}]}
2024-12-18 21:19:51 [info]: API Gateway running on port 3002 
2024-12-18 21:19:51 [info]: Configured Services: {"services":[{"name":"UserService","path":"/users"},{"name":"AuthService","path":"/auth"}]}
2024-12-18 21:20:01 [info]: API Gateway running on port 3002 
2024-12-18 21:20:01 [info]: Configured Services: {"services":[{"name":"UserService","path":"/users"},{"name":"AuthService","path":"/auth"}]}
2024-12-18 21:20:04 [info]: POST /auth/graphql {"method":"POST","path":"/auth/graphql","query":{}}
2024-12-18 21:20:04 [info]: Proxying POST /graphql to AuthService 
2024-12-18 21:24:00 [info]: POST /auth/graphql {"method":"POST","path":"/auth/graphql","query":{}}
2024-12-18 21:24:00 [info]: Proxying POST /graphql to AuthService 
2024-12-18 21:24:31 [info]: API Gateway running on port 3002 
2024-12-18 21:24:31 [info]: Configured Services: {"services":[{"name":"UserService","path":"/users"},{"name":"AuthService","path":"/auth"}]}
2024-12-18 21:24:31 [info]: API Gateway running on port 3002 
2024-12-18 21:24:31 [info]: Configured Services: {"services":[{"name":"UserService","path":"/users"},{"name":"AuthService","path":"/auth"}]}
2024-12-18 21:24:32 [info]: POST /auth/graphql {"method":"POST","path":"/auth/graphql","query":{}}
2024-12-18 21:24:32 [info]: Proxying POST /graphql to AuthService 
2024-12-18 21:25:38 [info]: API Gateway running on port 3002 
2024-12-18 21:25:38 [info]: Configured Services: {"services":[{"name":"UserService","path":"/users"},{"name":"AuthService","path":"/auth"}]}
2024-12-18 21:25:42 [info]: POST /auth/graphql {"method":"POST","path":"/auth/graphql","query":{}}
2024-12-18 21:25:42 [info]: Proxying POST /graphql to AuthService 
2024-12-18 21:27:39 [info]: POST /auth/graphql {"method":"POST","path":"/auth/graphql","query":{}}
2024-12-18 21:27:39 [info]: Proxying POST /graphql to AuthService 
2024-12-18 21:52:03 [info]: POST /auth/graphql {"method":"POST","path":"/auth/graphql","query":{}}
2024-12-18 21:52:03 [info]: Proxying POST /graphql to AuthService 
2024-12-18 21:53:01 [info]: API Gateway running on port 3002 
2024-12-18 21:53:01 [info]: Configured Services: {"services":[{"name":"UserService","path":"/users"},{"name":"AuthService","path":"/auth"}]}
2024-12-18 21:53:06 [info]: API Gateway running on port 3002 
2024-12-18 21:53:06 [info]: Configured Services: {"services":[{"name":"UserService","path":"/users"},{"name":"AuthService","path":"/auth"}]}
2024-12-18 21:53:10 [info]: POST /auth/graphql {"method":"POST","path":"/auth/graphql","query":{}}
2024-12-18 21:53:10 [info]: Proxying POST /graphql to AuthService 
2024-12-18 21:53:10 [info]: POST /graphql - 404 {"status":404,"duration":"46ms"}
2024-12-18 21:53:25 [info]: API Gateway running on port 3002 
2024-12-18 21:53:25 [info]: Configured Services: {"services":[{"name":"UserService","path":"/users"},{"name":"AuthService","path":"/auth"}]}
2024-12-18 21:53:32 [info]: POST /auth/graphql {"method":"POST","path":"/auth/graphql","query":{}}
2024-12-18 21:53:32 [info]: Proxying POST /graphql to AuthService 
2024-12-18 21:53:39 [info]: POST /auth/graphql {"method":"POST","path":"/auth/graphql","query":{}}
2024-12-18 21:53:39 [info]: Proxying POST /graphql to AuthService 
2024-12-18 21:53:50 [info]: API Gateway running on port 3002 
2024-12-18 21:53:50 [info]: Configured Services: {"services":[{"name":"UserService","path":"/users"},{"name":"AuthService","path":"/auth"}]}
2024-12-18 21:53:52 [info]: POST /auth/graphql {"method":"POST","path":"/auth/graphql","query":{}}
2024-12-18 21:53:52 [info]: Proxying POST /graphql to AuthService 
2024-12-18 21:53:52 [info]: POST /graphql - 404 {"status":404,"duration":"41ms"}
2024-12-18 21:55:18 [info]: API Gateway running on port 3002 
2024-12-18 21:55:18 [info]: Configured Services: {"services":[{"name":"UserService","path":"/users"},{"name":"AuthService","path":"/auth"}]}
2024-12-18 21:55:21 [info]: POST /auth/graphql {"method":"POST","path":"/auth/graphql","query":{}}
2024-12-18 21:55:21 [info]: Proxying POST /graphql to AuthService 
2024-12-18 21:55:21 [info]: POST /graphql - 404 {"status":404,"duration":"37ms"}
2024-12-18 21:55:23 [info]: POST /auth/graphql {"method":"POST","path":"/auth/graphql","query":{}}
2024-12-18 21:55:23 [info]: Proxying POST /graphql to AuthService 
2024-12-18 21:55:23 [info]: POST /graphql - 404 {"status":404,"duration":"7ms"}
2024-12-18 21:56:53 [info]: API Gateway running on port 3002 
2024-12-18 21:56:53 [info]: Configured Services: {"services":[{"name":"UserService","path":"/users"},{"name":"AuthService","path":"/auth"}]}
2024-12-18 21:56:57 [info]: POST /auth/graphql {"method":"POST","path":"/auth/graphql","query":{}}
2024-12-18 21:56:57 [info]: Proxying POST /graphql to AuthService 
2024-12-18 21:57:03 [info]: POST /auth/graphql {"method":"POST","path":"/auth/graphql","query":{}}
2024-12-18 21:57:03 [info]: Proxying POST /graphql to AuthService 
2024-12-18 21:59:24 [info]: POST /auth/graphql {"method":"POST","path":"/auth/graphql","query":{}}
2024-12-18 21:59:24 [info]: Proxying POST /graphql to AuthService 
2024-12-18 21:59:55 [info]: POST /auth/graphql {"method":"POST","path":"/auth/graphql","query":{}}
2024-12-18 21:59:55 [info]: Proxying POST /graphql to AuthService 
2024-12-18 22:00:00 [info]: POST /auth/graphql {"method":"POST","path":"/auth/graphql","query":{}}
2024-12-18 22:00:00 [info]: Proxying POST /graphql to AuthService 
2024-12-18 22:00:05 [info]: POST /auth/graphql {"method":"POST","path":"/auth/graphql","query":{}}
2024-12-18 22:00:05 [info]: Proxying POST /graphql to AuthService 
2024-12-18 22:00:10 [info]: POST /auth/graphql {"method":"POST","path":"/auth/graphql","query":{}}
2024-12-18 22:00:10 [info]: Proxying POST /graphql to AuthService 
2024-12-18 22:00:15 [info]: POST /auth/graphql {"method":"POST","path":"/auth/graphql","query":{}}
2024-12-18 22:00:15 [info]: Proxying POST /graphql to AuthService 
2024-12-18 22:00:22 [info]: API Gateway running on port 3002 
2024-12-18 22:00:22 [info]: Configured Services: {"services":[{"name":"UserService","path":"/users"},{"name":"AuthService","path":"/auth"}]}
2024-12-18 22:00:25 [info]: API Gateway running on port 3002 
2024-12-18 22:00:25 [info]: Configured Services: {"services":[{"name":"UserService","path":"/users"},{"name":"AuthService","path":"/auth"}]}
2024-12-18 22:00:35 [info]: POST /auth/graphql {"method":"POST","path":"/auth/graphql","query":{}}
2024-12-18 22:00:35 [info]: Proxying POST /graphql to AuthService 
2024-12-18 22:00:35 [info]: POST /graphql - 404 {"status":404,"duration":"42ms"}
2024-12-18 22:02:12 [info]: POST /auth/graphql {"method":"POST","path":"/auth/graphql","query":{}}
2024-12-18 22:02:12 [info]: Proxying POST /graphql to AuthService 
2024-12-18 22:02:12 [info]: POST /graphql - 404 {"status":404,"duration":"10ms"}
2024-12-18 22:02:29 [info]: POST /auth/graphql {"method":"POST","path":"/auth/graphql","query":{}}
2024-12-18 22:02:29 [info]: Proxying POST /graphql to AuthService 
2024-12-18 22:02:29 [info]: POST /graphql - 404 {"status":404,"duration":"8ms"}
2024-12-18 22:04:30 [info]: POST /auth/graphql {"method":"POST","path":"/auth/graphql","query":{}}
2024-12-18 22:04:30 [info]: Proxying POST /graphql to AuthService 
2024-12-18 22:04:30 [info]: POST /graphql - 404 {"status":404,"duration":"8ms"}
2024-12-18 22:04:31 [info]: POST /auth/graphql {"method":"POST","path":"/auth/graphql","query":{}}
2024-12-18 22:04:31 [info]: Proxying POST /graphql to AuthService 
2024-12-18 22:04:31 [info]: POST /graphql - 404 {"status":404,"duration":"7ms"}
2024-12-18 22:05:45 [info]: API Gateway running on port 3002 
2024-12-18 22:05:45 [info]: Configured Services: {"services":[{"name":"UserService","path":"/users"},{"name":"AuthService","path":"/auth"}]}
2024-12-18 22:05:46 [info]: API Gateway running on port 3002 
2024-12-18 22:05:46 [info]: Configured Services: {"services":[{"name":"UserService","path":"/users"},{"name":"AuthService","path":"/auth"}]}
2024-12-18 22:05:49 [info]: API Gateway running on port 3002 
2024-12-18 22:05:49 [info]: Configured Services: {"services":[{"name":"UserService","path":"/users"},{"name":"AuthService","path":"/auth"}]}
2024-12-18 22:06:02 [info]: API Gateway running on port 3002 
2024-12-18 22:06:02 [info]: Configured Services: {"services":[{"name":"UserService","path":"/users"},{"name":"AuthService","path":"/auth"}]}
2024-12-18 22:06:18 [info]: POST /auth/graphql {"method":"POST","path":"/auth/graphql","query":{}}
2024-12-18 22:06:18 [info]: Proxying POST /graphql to AuthService 
2024-12-18 22:06:18 [info]: POST /graphql - 404 {"status":404,"duration":"39ms"}
2024-12-18 22:06:26 [info]: API Gateway running on port 3002 
2024-12-18 22:06:26 [info]: Configured Services: {"services":[{"name":"UserService","path":"/users"},{"name":"AuthService","path":"/auth"}]}
2024-12-18 22:06:28 [info]: API Gateway running on port 3002 
2024-12-18 22:06:28 [info]: Configured Services: {"services":[{"name":"UserService","path":"/users"},{"name":"AuthService","path":"/auth"}]}
2024-12-18 22:06:32 [info]: POST /auth/graphql {"method":"POST","path":"/auth/graphql","query":{}}
2024-12-18 22:06:32 [info]: Proxying POST /graphql to AuthService 
2024-12-18 22:06:32 [info]: POST /graphql - 404 {"status":404,"duration":"38ms"}
2024-12-18 22:06:58 [info]: API Gateway running on port 3002 
2024-12-18 22:06:58 [info]: Configured Services: {"services":[{"name":"UserService","path":"/users"},{"name":"AuthService","path":"/auth"}]}
2024-12-18 22:07:01 [info]: API Gateway running on port 3002 
2024-12-18 22:07:01 [info]: Configured Services: {"services":[{"name":"UserService","path":"/users"},{"name":"AuthService","path":"/auth"}]}
2024-12-18 22:07:02 [info]: POST /auth/graphql {"method":"POST","path":"/auth/graphql","query":{}}
2024-12-18 22:07:02 [info]: Proxying POST /graphql to AuthService 
2024-12-18 22:07:07 [info]: POST /auth/graphql {"method":"POST","path":"/auth/graphql","query":{}}
2024-12-18 22:07:07 [info]: Proxying POST /graphql to AuthService 
2024-12-18 23:43:47 [info]: API Gateway running on port 3002 
2024-12-18 23:43:47 [info]: Configured Services: {"services":[{"name":"UserService","path":"/users"},{"name":"AuthService","path":"/auth"}]}
2024-12-18 23:48:00 [info]: API Gateway running on port 3002 
2024-12-18 23:48:00 [info]: Configured Services: {"services":[{"name":"UserService","path":"/users"},{"name":"AuthService","path":"/auth"}]}
2024-12-18 23:48:49 [info]: POST /auth/graphql {"method":"POST","path":"/auth/graphql","query":{}}
2024-12-18 23:48:49 [info]: Proxying POST /graphql to AuthService 
2024-12-18 23:49:05 [info]: POST /auth/graphql {"method":"POST","path":"/auth/graphql","query":{}}
2024-12-18 23:49:05 [info]: Proxying POST /graphql to AuthService 
2024-12-18 23:49:48 [info]: API Gateway running on port 3002 
2024-12-18 23:49:48 [info]: Configured Services: {"services":[{"name":"UserService","path":"/users"},{"name":"AuthService","path":"/auth"}]}
2024-12-18 23:49:55 [info]: POST /auth/graphql {"method":"POST","path":"/auth/graphql","query":{}}
2024-12-18 23:49:55 [info]: Proxying POST /graphql to AuthService 
2024-12-18 23:49:55 [info]: POST /graphql - 404 {"status":404,"duration":"45ms"}
2024-12-18 23:56:38 [info]: API Gateway running on port 3002 
2024-12-18 23:56:38 [info]: Configured Services: {"services":[{"name":"UserService","path":"/users"},{"name":"AuthService","path":"/auth"}]}
2024-12-18 23:56:43 [info]: API Gateway running on port 3002 
2024-12-18 23:56:43 [info]: Configured Services: {"services":[{"name":"UserService","path":"/users"},{"name":"AuthService","path":"/auth"}]}
2024-12-18 23:56:47 [info]: API Gateway running on port 3002 
2024-12-18 23:56:47 [info]: Configured Services: {"services":[{"name":"UserService","path":"/users"},{"name":"AuthService","path":"/auth"}]}
2024-12-18 23:57:01 [info]: API Gateway running on port 3002 
2024-12-18 23:57:01 [info]: Configured Services: {"services":[{"name":"UserService","path":"/users"},{"name":"AuthService","path":"/auth"}]}
2024-12-18 23:57:18 [info]: API Gateway running on port 3002 
2024-12-18 23:57:18 [info]: Configured Services: {"services":[{"name":"UserService","path":"/users"},{"name":"AuthService","path":"/auth"}]}
2024-12-18 23:57:35 [info]: POST /auth/graphql {"method":"POST","path":"/auth/graphql","query":{}}
2024-12-18 23:57:35 [info]: Proxying POST /graphql to AuthService 
2024-12-18 23:57:35 [info]: POST /graphql - 404 {"status":404,"duration":"39ms"}
2024-12-18 23:57:41 [info]: POST /auth/graphql {"method":"POST","path":"/auth/graphql","query":{}}
2024-12-18 23:57:41 [info]: Proxying POST /graphql to AuthService 
2024-12-18 23:57:41 [info]: POST /graphql - 404 {"status":404,"duration":"10ms"}
2024-12-18 23:57:51 [info]: API Gateway running on port 3002 
2024-12-18 23:57:51 [info]: Configured Services: {"services":[{"name":"UserService","path":"/users"},{"name":"AuthService","path":"/auth"}]}
2024-12-18 23:57:53 [info]: API Gateway running on port 3002 
2024-12-18 23:57:53 [info]: Configured Services: {"services":[{"name":"UserService","path":"/users"},{"name":"AuthService","path":"/auth"}]}
2024-12-18 23:57:58 [info]: API Gateway running on port 3002 
2024-12-18 23:57:58 [info]: Configured Services: {"services":[{"name":"UserService","path":"/users"},{"name":"AuthService","path":"/auth"}]}
2024-12-18 23:58:05 [info]: API Gateway running on port 3002 
2024-12-18 23:58:05 [info]: Configured Services: {"services":[{"name":"UserService","path":"/users"},{"name":"AuthService","path":"/auth"}]}
2024-12-18 23:58:09 [info]: API Gateway running on port 3002 
2024-12-18 23:58:09 [info]: Configured Services: {"services":[{"name":"UserService","path":"/users"},{"name":"AuthService","path":"/auth"}]}
2024-12-18 23:58:16 [info]: API Gateway running on port 3002 
2024-12-18 23:58:16 [info]: Configured Services: {"services":[{"name":"UserService","path":"/users"},{"name":"AuthService","path":"/auth"}]}
2024-12-18 23:58:20 [info]: POST /auth/graphql {"method":"POST","path":"/auth/graphql","query":{}}
2024-12-18 23:58:20 [info]: Proxying POST /graphql to AuthService 
2024-12-18 23:58:20 [info]: POST /graphql - 404 {"status":404,"duration":"44ms"}
2024-12-18 23:59:48 [info]: API Gateway running on port 3002 
2024-12-18 23:59:48 [info]: Configured Services: {"services":[{"name":"UserService","path":"/users"},{"name":"AuthService","path":"/auth"}]}
2024-12-18 23:59:49 [info]: API Gateway running on port 3002 
2024-12-18 23:59:49 [info]: Configured Services: {"services":[{"name":"UserService","path":"/users"},{"name":"AuthService","path":"/auth"}]}
